<?xml version="1.0" encoding="UTF-8"?>
<!-- Generated by org.testng.reporters.JUnitReportReporter -->
<testsuite hostname="inlen8520027833" failures="0" tests="2" name="testRunner.Runner" time="35.939" errors="0" timestamp="12 Feb 2023 12:22:55 GMT" skipped="0">
  <testcase classname="testRunner.Runner" name="runScenario" time="19.844"/>
  <testcase classname="testRunner.Runner" name="runScenario" time="16.095"/>
</testsuite> <!-- testRunner.Runner -->
